# JRE version: OpenJDK Runtime Environment (8.0_242-b01) (build 1.8.0_242-release-1644-b01)
# Java VM: OpenJDK 64-Bit Server VM (25.242-b01 mixed mode windows-amd64 compressed oops)
Heap:
 PSYoungGen      total 258560K, used 172620K [0x00000000d5580000, 0x00000000e8f00000, 0x0000000100000000)
  eden space 226304K, 76% used [0x00000000d5580000,0x00000000dfe132a0,0x00000000e3280000)
  from space 32256K, 0% used [0x00000000e3280000,0x00000000e3280000,0x00000000e5200000)
  to   space 34304K, 0% used [0x00000000e6d80000,0x00000000e6d80000,0x00000000e8f00000)
 ParOldGen       total 226816K, used 77104K [0x0000000080000000, 0x000000008dd80000, 0x00000000d5580000)
  object space 226816K, 33% used [0x0000000080000000,0x0000000084b4c198,0x000000008dd80000)
 Metaspace       used 94362K, capacity 99270K, committed 99840K, reserved 1136640K
  class space    used 12484K, capacity 13463K, committed 13568K, reserved 1048576K
GC Heap History (10 events):
Event: 518.932 GC heap before
{Heap before GC invocations=23 (full 3):
 PSYoungGen      total 221184K, used 221183K [0x00000000d5580000, 0x00000000e5f00000, 0x0000000100000000)
  eden space 192512K, 100% used [0x00000000d5580000,0x00000000e1180000,0x00000000e1180000)
  from space 28672K, 99% used [0x00000000e1180000,0x00000000e2d7fc28,0x00000000e2d80000)
  to   space 32768K, 0% used [0x00000000e3f00000,0x00000000e3f00000,0x00000000e5f00000)
 ParOldGen       total 140800K, used 52864K [0x0000000080000000, 0x0000000088980000, 0x00000000d5580000)
  object space 140800K, 37% used [0x0000000080000000,0x00000000833a0320,0x0000000088980000)
 Metaspace       used 92740K, capacity 98112K, committed 98432K, reserved 1134592K
  class space    used 12315K, capacity 13354K, committed 13440K, reserved 1048576K
Event: 518.955 GC heap after
Heap after GC invocations=23 (full 3):
 PSYoungGen      total 239616K, used 9424K [0x00000000d5580000, 0x00000000e6480000, 0x0000000100000000)
  eden space 206848K, 0% used [0x00000000d5580000,0x00000000d5580000,0x00000000e1f80000)
  from space 32768K, 28% used [0x00000000e3f00000,0x00000000e48340e0,0x00000000e5f00000)
  to   space 32256K, 0% used [0x00000000e1f80000,0x00000000e1f80000,0x00000000e3f00000)
 ParOldGen       total 140800K, used 67064K [0x0000000080000000, 0x0000000088980000, 0x00000000d5580000)
  object space 140800K, 47% used [0x0000000080000000,0x000000008417e1a0,0x0000000088980000)
 Metaspace       used 92740K, capacity 98112K, committed 98432K, reserved 1134592K
  class space    used 12315K, capacity 13354K, committed 13440K, reserved 1048576K
}
Event: 520.139 GC heap before
{Heap before GC invocations=24 (full 3):
 PSYoungGen      total 239616K, used 216272K [0x00000000d5580000, 0x00000000e6480000, 0x0000000100000000)
  eden space 206848K, 100% used [0x00000000d5580000,0x00000000e1f80000,0x00000000e1f80000)
  from space 32768K, 28% used [0x00000000e3f00000,0x00000000e48340e0,0x00000000e5f00000)
  to   space 32256K, 0% used [0x00000000e1f80000,0x00000000e1f80000,0x00000000e3f00000)
 ParOldGen       total 140800K, used 67064K [0x0000000080000000, 0x0000000088980000, 0x00000000d5580000)
  object space 140800K, 47% used [0x0000000080000000,0x000000008417e1a0,0x0000000088980000)
 Metaspace       used 92872K, capacity 98202K, committed 98432K, reserved 1134592K
  class space    used 12329K, capacity 13359K, committed 13440K, reserved 1048576K
Event: 520.149 GC heap after
Heap after GC invocations=24 (full 3):
 PSYoungGen      total 239104K, used 9634K [0x00000000d5580000, 0x00000000e7080000, 0x0000000100000000)
  eden space 206848K, 0% used [0x00000000d5580000,0x00000000d5580000,0x00000000e1f80000)
  from space 32256K, 29% used [0x00000000e1f80000,0x00000000e28e8998,0x00000000e3f00000)
  to   space 31232K, 0% used [0x00000000e5200000,0x00000000e5200000,0x00000000e7080000)
 ParOldGen       total 140800K, used 67072K [0x0000000080000000, 0x0000000088980000, 0x00000000d5580000)
  object space 140800K, 47% used [0x0000000080000000,0x00000000841801a0,0x0000000088980000)
 Metaspace       used 92872K, capacity 98202K, committed 98432K, reserved 1134592K
  class space    used 12329K, capacity 13359K, committed 13440K, reserved 1048576K
}
Event: 521.276 GC heap before
{Heap before GC invocations=25 (full 3):
 PSYoungGen      total 239104K, used 216482K [0x00000000d5580000, 0x00000000e7080000, 0x0000000100000000)
  eden space 206848K, 100% used [0x00000000d5580000,0x00000000e1f80000,0x00000000e1f80000)
  from space 32256K, 29% used [0x00000000e1f80000,0x00000000e28e8998,0x00000000e3f00000)
  to   space 31232K, 0% used [0x00000000e5200000,0x00000000e5200000,0x00000000e7080000)
 ParOldGen       total 140800K, used 67072K [0x0000000080000000, 0x0000000088980000, 0x00000000d5580000)
  object space 140800K, 47% used [0x0000000080000000,0x00000000841801a0,0x0000000088980000)
 Metaspace       used 93000K, capacity 98312K, committed 98432K, reserved 1134592K
  class space    used 12346K, capacity 13370K, committed 13440K, reserved 1048576K
Event: 521.295 GC heap after
Heap after GC invocations=25 (full 3):
 PSYoungGen      total 257536K, used 20662K [0x00000000d5580000, 0x00000000e7380000, 0x0000000100000000)
  eden space 226304K, 0% used [0x00000000d5580000,0x00000000d5580000,0x00000000e3280000)
  from space 31232K, 66% used [0x00000000e5200000,0x00000000e662d858,0x00000000e7080000)
  to   space 32256K, 0% used [0x00000000e3280000,0x00000000e3280000,0x00000000e5200000)
 ParOldGen       total 140800K, used 67080K [0x0000000080000000, 0x0000000088980000, 0x00000000d5580000)
  object space 140800K, 47% used [0x0000000080000000,0x00000000841821a0,0x0000000088980000)
 Metaspace       used 93000K, capacity 98312K, committed 98432K, reserved 1134592K
  class space    used 12346K, capacity 13370K, committed 13440K, reserved 1048576K
}
Event: 522.198 GC heap before
{Heap before GC invocations=26 (full 3):
 PSYoungGen      total 257536K, used 47005K [0x00000000d5580000, 0x00000000e7380000, 0x0000000100000000)
  eden space 226304K, 11% used [0x00000000d5580000,0x00000000d6f39ed8,0x00000000e3280000)
  from space 31232K, 66% used [0x00000000e5200000,0x00000000e662d858,0x00000000e7080000)
  to   space 32256K, 0% used [0x00000000e3280000,0x00000000e3280000,0x00000000e5200000)
 ParOldGen       total 140800K, used 67080K [0x0000000080000000, 0x0000000088980000, 0x00000000d5580000)
  object space 140800K, 47% used [0x0000000080000000,0x00000000841821a0,0x0000000088980000)
 Metaspace       used 93117K, capacity 98432K, committed 98496K, reserved 1134592K
  class space    used 12359K, capacity 13406K, committed 13440K, reserved 1048576K
Event: 522.218 GC heap after
Heap after GC invocations=26 (full 3):
 PSYoungGen      total 258560K, used 25270K [0x00000000d5580000, 0x00000000e8f00000, 0x0000000100000000)
  eden space 226304K, 0% used [0x00000000d5580000,0x00000000d5580000,0x00000000e3280000)
  from space 32256K, 78% used [0x00000000e3280000,0x00000000e4b2d818,0x00000000e5200000)
  to   space 34304K, 0% used [0x00000000e6d80000,0x00000000e6d80000,0x00000000e8f00000)
 ParOldGen       total 140800K, used 67088K [0x0000000080000000, 0x0000000088980000, 0x00000000d5580000)
  object space 140800K, 47% used [0x0000000080000000,0x00000000841841a0,0x0000000088980000)
 Metaspace       used 93117K, capacity 98432K, committed 98496K, reserved 1134592K
  class space    used 12359K, capacity 13406K, committed 13440K, reserved 1048576K
}
Event: 522.218 GC heap before
{Heap before GC invocations=27 (full 4):
 PSYoungGen      total 258560K, used 25270K [0x00000000d5580000, 0x00000000e8f00000, 0x0000000100000000)
  eden space 226304K, 0% used [0x00000000d5580000,0x00000000d5580000,0x00000000e3280000)
  from space 32256K, 78% used [0x00000000e3280000,0x00000000e4b2d818,0x00000000e5200000)
  to   space 34304K, 0% used [0x00000000e6d80000,0x00000000e6d80000,0x00000000e8f00000)
 ParOldGen       total 140800K, used 67088K [0x0000000080000000, 0x0000000088980000, 0x00000000d5580000)
  object space 140800K, 47% used [0x0000000080000000,0x00000000841841a0,0x0000000088980000)
 Metaspace       used 93117K, capacity 98432K, committed 98496K, reserved 1134592K
  class space    used 12359K, capacity 13406K, committed 13440K, reserved 1048576K
Event: 522.583 GC heap after
Heap after GC invocations=27 (full 4):
 PSYoungGen      total 258560K, used 0K [0x00000000d5580000, 0x00000000e8f00000, 0x0000000100000000)
  eden space 226304K, 0% used [0x00000000d5580000,0x00000000d5580000,0x00000000e3280000)
  from space 32256K, 0% used [0x00000000e3280000,0x00000000e3280000,0x00000000e5200000)
  to   space 34304K, 0% used [0x00000000e6d80000,0x00000000e6d80000,0x00000000e8f00000)
 ParOldGen       total 226816K, used 77104K [0x0000000080000000, 0x000000008dd80000, 0x00000000d5580000)
  object space 226816K, 33% used [0x0000000080000000,0x0000000084b4c198,0x000000008dd80000)
 Metaspace       used 92742K, capacity 97308K, committed 98496K, reserved 1134592K
  class space    used 12238K, capacity 13192K, committed 13440K, reserved 1048576K
}

